Sep 18, 2012 1:21:40 PM org.jmanage.core.util.CoreUtils <clinit>
INFO: jManage.root=..
Sep 18, 2012 1:21:53 PM org.jmanage.util.db.DBUtils <clinit>
INFO: DataBase URL: jdbc:hsqldb:file:../data/db
Sep 18, 2012 1:21:53 PM org.jmanage.util.db.DBUtils init
INFO: Creating DB tables
Sep 18, 2012 1:21:54 PM org.jmanage.core.crypto.Crypto init
INFO: Crypto initialized
Sep 18, 2012 1:21:54 PM org.jmanage.core.auth.ACLStore <init>
INFO: Loaded ACLs
Sep 18, 2012 1:21:54 PM org.jmanage.core.config.ApplicationTypes init
INFO: ApplicationRegistry initialized from ../config/system/application-type-config.xml
Sep 18, 2012 1:21:54 PM org.jmanage.core.alert.AlertEngine start
INFO: AlertEngine started.
Sep 18, 2012 1:21:54 PM org.jmanage.monitoring.downtime.ApplicationHeartBeatThread run
INFO: Thread started: ApplicationHeartBeatThread:jManage
Sep 18, 2012 1:21:54 PM org.jmanage.monitoring.downtime.ApplicationDowntimeService start
INFO: ApplicationDowntimeService started.
Sep 18, 2012 1:21:54 PM org.mortbay.http.HttpServer start
INFO: Starting Jetty/4.2.20
Sep 18, 2012 1:21:54 PM org.mortbay.http.HttpContext start
INFO: Started WebApplicationContext[/,../web]
Sep 18, 2012 1:21:55 PM org.apache.struts.util.PropertyMessageResources <init>
INFO: Initializing, config='org.apache.struts.util.LocalStrings', returnNull=true
Sep 18, 2012 1:21:55 PM org.apache.struts.util.PropertyMessageResources <init>
INFO: Initializing, config='org.apache.struts.action.ActionResources', returnNull=true
Sep 18, 2012 1:21:55 PM org.apache.struts.util.PropertyMessageResources <init>
INFO: Initializing, config='resources.application', returnNull=true
Sep 18, 2012 1:21:55 PM org.apache.struts.validator.ValidatorPlugIn initResources
INFO: Loading validation rules file from '/WEB-INF/validator-rules.xml'
Sep 18, 2012 1:21:55 PM org.apache.struts.validator.ValidatorPlugIn initResources
INFO: Loading validation rules file from '/WEB-INF/validation.xml'
Sep 18, 2012 1:21:55 PM org.apache.struts.tiles.TilesPlugin init
INFO: Tiles definition factory loaded for module ''.
Sep 18, 2012 1:21:55 PM org.mortbay.http.SocketListener start
INFO: Started SocketListener on 0.0.0.0:9090
Sep 18, 2012 1:21:55 PM org.mortbay.http.HttpServer start
INFO: Started org.mortbay.jetty.Server@195ed659
Sep 18, 2012 1:23:03 PM org.apache.struts.tiles.TilesRequestProcessor initDefinitionsMapping
INFO: Tiles definition factory found for request processor ''.
Sep 18, 2012 1:23:03 PM org.apache.struts.util.PropertyMessageResources <init>
INFO: Initializing, config='org.apache.struts.actions.LocalStrings', returnNull=true
Sep 18, 2012 1:23:06 PM org.apache.struts.util.PropertyMessageResources <init>
INFO: Initializing, config='org.apache.struts.taglib.html.LocalStrings', returnNull=true
Sep 18, 2012 1:23:06 PM org.apache.struts.util.PropertyMessageResources <init>
INFO: Initializing, config='org.apache.struts.taglib.html.LocalStrings', returnNull=true
Sep 18, 2012 1:23:06 PM org.apache.struts.util.PropertyMessageResources <init>
INFO: Initializing, config='org.apache.struts.util.LocalStrings', returnNull=true
Sep 18, 2012 1:23:08 PM org.apache.struts.util.PropertyMessageResources <init>
INFO: Initializing, config='org.apache.struts.taglib.html.LocalStrings', returnNull=true
Sep 18, 2012 1:23:08 PM org.apache.struts.util.PropertyMessageResources <init>
INFO: Initializing, config='org.apache.struts.taglib.html.LocalStrings', returnNull=true
Sep 18, 2012 1:23:08 PM org.apache.struts.util.PropertyMessageResources <init>
INFO: Initializing, config='org.apache.struts.taglib.html.LocalStrings', returnNull=true
Sep 18, 2012 1:23:08 PM org.apache.struts.util.PropertyMessageResources <init>
INFO: Initializing, config='org.apache.struts.taglib.html.LocalStrings', returnNull=true
Sep 18, 2012 4:07:43 PM org.apache.struts.util.PropertyMessageResources <init>
INFO: Initializing, config='org.apache.struts.taglib.html.LocalStrings', returnNull=true
Sep 18, 2012 4:07:43 PM org.jmanage.webui.dashboard.framework.DashboardLoader loadDashboards
INFO: Loading dashboards
Sep 18, 2012 4:07:43 PM org.jmanage.webui.dashboard.framework.DashboardLoader initialize
INFO: Initializing dashboards
Sep 18, 2012 4:50:51 PM org.jmanage.webui.Startup$1 run
INFO: jManage shutting down...
Sep 19, 2012 9:53:48 AM org.jmanage.core.util.CoreUtils <clinit>
INFO: jManage.root=..
Sep 19, 2012 9:53:58 AM org.jmanage.util.db.DBUtils <clinit>
INFO: DataBase URL: jdbc:hsqldb:file:../data/db
Sep 19, 2012 9:53:59 AM org.jmanage.core.crypto.Crypto init
INFO: Crypto initialized
Sep 19, 2012 9:53:59 AM org.jmanage.core.auth.ACLStore <init>
INFO: Loaded ACLs
Sep 19, 2012 9:53:59 AM org.jmanage.core.config.ApplicationTypes init
INFO: ApplicationRegistry initialized from ../config/system/application-type-config.xml
Sep 19, 2012 9:54:00 AM org.jmanage.core.alert.AlertEngine start
INFO: AlertEngine started.
Sep 19, 2012 9:54:02 AM org.jmanage.monitoring.downtime.ApplicationHeartBeatThread run
INFO: Thread started: ApplicationHeartBeatThread:jManage
Sep 19, 2012 9:54:02 AM org.jmanage.monitoring.downtime.ApplicationDowntimeService start
INFO: ApplicationDowntimeService started.
Sep 19, 2012 9:54:03 AM org.mortbay.http.HttpServer start
INFO: Starting Jetty/4.2.20
Sep 19, 2012 9:54:04 AM org.mortbay.http.HttpContext start
INFO: Started WebApplicationContext[/,../web]
Sep 19, 2012 9:54:04 AM org.mortbay.http.HttpContext getTempDirectory
WARNING: Delete existing temp dir /var/folders/qp/g57371f55b97hwb89_txcwnm0000gn/T/Jetty__9090__ for WebApplicationContext[/,../web]
Sep 19, 2012 9:54:04 AM org.apache.struts.util.PropertyMessageResources <init>
INFO: Initializing, config='org.apache.struts.util.LocalStrings', returnNull=true
Sep 19, 2012 9:54:04 AM org.apache.struts.util.PropertyMessageResources <init>
INFO: Initializing, config='org.apache.struts.action.ActionResources', returnNull=true
Sep 19, 2012 9:54:04 AM org.apache.struts.util.PropertyMessageResources <init>
INFO: Initializing, config='resources.application', returnNull=true
Sep 19, 2012 9:54:04 AM org.apache.struts.validator.ValidatorPlugIn initResources
INFO: Loading validation rules file from '/WEB-INF/validator-rules.xml'
Sep 19, 2012 9:54:05 AM org.apache.struts.validator.ValidatorPlugIn initResources
INFO: Loading validation rules file from '/WEB-INF/validation.xml'
Sep 19, 2012 9:54:05 AM org.apache.struts.tiles.TilesPlugin init
INFO: Tiles definition factory loaded for module ''.
Sep 19, 2012 9:54:05 AM org.mortbay.http.SocketListener start
INFO: Started SocketListener on 0.0.0.0:9090
Sep 19, 2012 9:54:05 AM org.mortbay.http.HttpServer start
INFO: Started org.mortbay.jetty.Server@55dec1dd
Sep 19, 2012 9:54:17 AM org.apache.struts.tiles.TilesRequestProcessor initDefinitionsMapping
INFO: Tiles definition factory found for request processor ''.
Sep 19, 2012 9:54:17 AM org.apache.struts.util.PropertyMessageResources <init>
INFO: Initializing, config='org.apache.struts.actions.LocalStrings', returnNull=true
Sep 19, 2012 9:54:27 AM org.apache.struts.util.PropertyMessageResources <init>
INFO: Initializing, config='org.apache.struts.taglib.html.LocalStrings', returnNull=true
Sep 19, 2012 9:54:27 AM org.apache.struts.util.PropertyMessageResources <init>
INFO: Initializing, config='org.apache.struts.util.LocalStrings', returnNull=true
Sep 19, 2012 9:54:27 AM org.apache.struts.util.PropertyMessageResources <init>
INFO: Initializing, config='org.apache.struts.taglib.html.LocalStrings', returnNull=true
Sep 19, 2012 9:54:27 AM org.apache.struts.util.PropertyMessageResources <init>
INFO: Initializing, config='org.apache.struts.taglib.html.LocalStrings', returnNull=true
Sep 19, 2012 9:54:27 AM org.apache.struts.util.PropertyMessageResources <init>
INFO: Initializing, config='org.apache.struts.taglib.html.LocalStrings', returnNull=true
Sep 19, 2012 9:54:27 AM org.apache.struts.util.PropertyMessageResources <init>
INFO: Initializing, config='org.apache.struts.taglib.html.LocalStrings', returnNull=true
Sep 19, 2012 9:56:44 AM org.apache.jasper.logging.Logger log
INFO: Error compiling file: /var/folders/qp/g57371f55b97hwb89_txcwnm0000gn/T/Jetty__9090__/common/header_jsp.java     [javac] Since fork is true, ignoring compiler setting.
    [javac] Compiling 1 source file
    [javac] Since fork is true, ignoring compiler setting.
    [javac] /var/folders/qp/g57371f55b97hwb89_txcwnm0000gn/T/Jetty__9090__/common/header_jsp.java:86: illegal start of type
    [javac]                 </ul>
    [javac]                  ^
    [javac] /var/folders/qp/g57371f55b97hwb89_txcwnm0000gn/T/Jetty__9090__/common/header_jsp.java:86: illegal start of expression
    [javac]                 </ul>
    [javac]                   ^
    [javac] /var/folders/qp/g57371f55b97hwb89_txcwnm0000gn/T/Jetty__9090__/common/header_jsp.java:87: > expected
    [javac]                     <p class="navbar-text pull-right">
    [javac]                       ^
    [javac] /var/folders/qp/g57371f55b97hwb89_txcwnm0000gn/T/Jetty__9090__/common/header_jsp.java:87: illegal start of expression
    [javac]                     <p class="navbar-text pull-right">
    [javac]                        ^
    [javac] /var/folders/qp/g57371f55b97hwb89_txcwnm0000gn/T/Jetty__9090__/common/header_jsp.java:88: ';' expected
    [javac]                       Logged in as <a href="/auth/profile.do"><%=user.getName()
    [javac]                             ^
    [javac] /var/folders/qp/g57371f55b97hwb89_txcwnm0000gn/T/Jetty__9090__/common/header_jsp.java:88: ';' expected
    [javac]                       Logged in as <a href="/auth/profile.do"><%=user.getName()
    [javac]                                   ^
    [javac] /var/folders/qp/g57371f55b97hwb89_txcwnm0000gn/T/Jetty__9090__/common/header_jsp.java:88: > expected
    [javac]                       Logged in as <a href="/auth/profile.do"><%=user.getName()
    [javac]                                      ^
    [javac] /var/folders/qp/g57371f55b97hwb89_txcwnm0000gn/T/Jetty__9090__/common/header_jsp.java:88: illegal start of expression
    [javac]                       Logged in as <a href="/auth/profile.do"><%=user.getName()
    [javac]                                       ^
    [javac] /var/folders/qp/g57371f55b97hwb89_txcwnm0000gn/T/Jetty__9090__/common/header_jsp.java:88: illegal start of type
    [javac]                       Logged in as <a href="/auth/profile.do"><%=user.getName()
    [javac]                                                                ^
    [javac] /var/folders/qp/g57371f55b97hwb89_txcwnm0000gn/T/Jetty__9090__/common/header_jsp.java:88: > expected
    [javac]                       Logged in as <a href="/auth/profile.do"><%=user.getName()
    [javac]                                                                                ^
    [javac] /var/folders/qp/g57371f55b97hwb89_txcwnm0000gn/T/Jetty__9090__/common/header_jsp.java:89: illegal start of expression
    [javac]       out.write("</a>\r\n                    ");
    [javac]       ^
    [javac] /var/folders/qp/g57371f55b97hwb89_txcwnm0000gn/T/Jetty__9090__/common/header_jsp.java:89: ';' expected
    [javac]       out.write("</a>\r\n                    ");
    [javac]          ^
    [javac] 12 errors


Sep 19, 2012 9:56:44 AM org.apache.jasper.logging.Logger log
INFO: Info: Compile: javaFileName=/var/folders/qp/g57371f55b97hwb89_txcwnm0000gn/T/Jetty__9090__/common/header_jsp.java
    classpath=/Users/jorgemorales/Repositories/Jasper-Manage-release-1/jmanage-jasperUI/web/WEB-INF/classes/:/Users/jorgemorales/Repositories/Jasper-Manage-release-1/jmanage-jasperUI/web/WEB-INF/lib/commons-collections.jar:/Users/jorgemorales/Repositories/Jasper-Manage-release-1/jmanage-jasperUI/web/WEB-INF/lib/commons-dbcp.jar:/Users/jorgemorales/Repositories/Jasper-Manage-release-1/jmanage-jasperUI/web/WEB-INF/lib/commons-digester.jar:/Users/jorgemorales/Repositories/Jasper-Manage-release-1/jmanage-jasperUI/web/WEB-INF/lib/commons-fileupload.jar:/Users/jorgemorales/Repositories/Jasper-Manage-release-1/jmanage-jasperUI/web/WEB-INF/lib/commons-lang.jar:/Users/jorgemorales/Repositories/Jasper-Manage-release-1/jmanage-jasperUI/web/WEB-INF/lib/commons-pool.jar:/Users/jorgemorales/Repositories/Jasper-Manage-release-1/jmanage-jasperUI/web/WEB-INF/lib/commons-resources.jar:/Users/jorgemorales/Repositories/Jasper-Manage-release-1/jmanage-jasperUI/web/WEB-INF/lib/commons-validator.jar:/Users/jorgemorales/Repositories/Jasper-Manage-release-1/jmanage-jasperUI/web/WEB-INF/lib/jakarta-oro.jar:/Users/jorgemorales/Repositories/Jasper-Manage-release-1/jmanage-jasperUI/web/WEB-INF/lib/jcommon-0.9.5.jar:/Users/jorgemorales/Repositories/Jasper-Manage-release-1/jmanage-jasperUI/web/WEB-INF/lib/jfreechart-0.9.20.jar:/Users/jorgemorales/Repositories/Jasper-Manage-release-1/jmanage-jasperUI/web/WEB-INF/lib/struts.jar:/System/Library/Java/Extensions/AppleScriptEngine.jar:/System/Library/Java/Extensions/dns_sd.jar:/System/Library/Java/Extensions/j3daudio.jar:/System/Library/Java/Extensions/j3dcore.jar:/System/Library/Java/Extensions/j3dutils.jar:/System/Library/Java/Extensions/jai_codec.jar:/System/Library/Java/Extensions/jai_core.jar:/System/Library/Java/Extensions/libAppleScriptEngine.jnilib:/System/Library/Java/Extensions/libJ3D.jnilib:/System/Library/Java/Extensions/libJ3DAudio.jnilib:/System/Library/Java/Extensions/libJ3DUtils.jnilib:/System/Library/Java/Extensions/libmlib_jai.jnilib:/System/Library/Java/Extensions/libQTJNative.jnilib:/System/Library/Java/Extensions/mlibwrapper_jai.jar:/System/Library/Java/Extensions/MRJToolkit.jar:/System/Library/Java/Extensions/QTJava.zip:/System/Library/Java/Extensions/vecmath.jar:/System/Library/Java/JavaVirtualMachines/1.6.0.jdk/Contents/Home/lib/ext/apple_provider.jar:/System/Library/Java/JavaVirtualMachines/1.6.0.jdk/Contents/Home/lib/ext/dnsns.jar:/System/Library/Java/JavaVirtualMachines/1.6.0.jdk/Contents/Home/lib/ext/localedata.jar:/System/Library/Java/JavaVirtualMachines/1.6.0.jdk/Contents/Home/lib/ext/sunjce_provider.jar:/System/Library/Java/JavaVirtualMachines/1.6.0.jdk/Contents/Home/lib/ext/sunpkcs11.jar:/Users/jorgemorales/Repositories/Jasper-Manage-release-1/jmanage-jasperUI/lib/xml-apis.jar:/Users/jorgemorales/Repositories/Jasper-Manage-release-1/jmanage-jasperUI/lib/xercesImpl.jar:/Users/jorgemorales/Repositories/Jasper-Manage-release-1/jmanage-jasperUI/lib/standard.jar:/Users/jorgemorales/Repositories/Jasper-Manage-release-1/jmanage-jasperUI/lib/org.mortbay.jetty.jar:/Users/jorgemorales/Repositories/Jasper-Manage-release-1/jmanage-jasperUI/lib/mail.jar:/Users/jorgemorales/Repositories/Jasper-Manage-release-1/jmanage-jasperUI/lib/jstl.jar:/Users/jorgemorales/Repositories/Jasper-Manage-release-1/jmanage-jasperUI/lib/jmxremote_optional.jar:/Users/jorgemorales/Repositories/Jasper-Manage-release-1/jmanage-jasperUI/lib/jmanage-utils.jar:/Users/jorgemorales/Repositories/Jasper-Manage-release-1/jmanage-jasperUI/lib/jmanage-tools.jar:/Users/jorgemorales/Repositories/Jasper-Manage-release-1/jmanage-jasperUI/lib/jmanage-testapp.jar:/Users/jorgemorales/Repositories/Jasper-Manage-release-1/jmanage-jasperUI/lib/jmanage-startup.jar:/Users/jorgemorales/Repositories/Jasper-Manage-release-1/jmanage-jasperUI/lib/jmanage-services.jar:/Users/jorgemorales/Repositories/Jasper-Manage-release-1/jmanage-jasperUI/lib/jmanage-management.jar:/Users/jorgemorales/Repositories/Jasper-Manage-release-1/jmanage-jasperUI/lib/jmanage-crypto.jar:/Users/jorgemorales/Repositories/Jasper-Manage-release-1/jmanage-jasperUI/lib/jmanage-connector.jar:/Users/jorgemorales/Repositories/Jasper-Manage-release-1/jmanage-jasperUI/lib/jmanage-config.jar:/Users/jorgemorales/Repositories/Jasper-Manage-release-1/jmanage-jasperUI/lib/jmanage-cmdui.jar:/Users/jorgemorales/Repositories/Jasper-Manage-release-1/jmanage-jasperUI/lib/jmanage-auth.jar:/Users/jorgemorales/Repositories/Jasper-Manage-release-1/jmanage-jasperUI/lib/jmanage-alerts.jar:/Users/jorgemorales/Repositories/Jasper-Manage-release-1/jmanage-jasperUI/lib/jdom.jar:/Users/jorgemorales/Repositories/Jasper-Manage-release-1/jmanage-jasperUI/lib/javax77.jar:/Users/jorgemorales/Repositories/Jasper-Manage-release-1/jmanage-jasperUI/lib/javax.servlet.jar:/Users/jorgemorales/Repositories/Jasper-Manage-release-1/jmanage-jasperUI/lib/jasper-runtime.jar:/Users/jorgemorales/Repositories/Jasper-Manage-release-1/jmanage-jasperUI/lib/jasper-compiler.jar:/Users/jorgemorales/Repositories/Jasper-Manage-release-1/jmanage-jasperUI/lib/hsqldb-1.8.0.5.jar:/Users/jorgemorales/Repositories/Jasper-Manage-release-1/jmanage-jasperUI/lib/commons-modeler.jar:/Users/jorgemorales/Repositories/Jasper-Manage-release-1/jmanage-jasperUI/lib/commons-logging.jar:/Users/jorgemorales/Repositories/Jasper-Manage-release-1/jmanage-jasperUI/lib/commons-beanutils.jar:/Users/jorgemorales/Repositories/Jasper-Manage-release-1/jmanage-jasperUI/lib/ant.jar:/Users/jorgemorales/Repositories/Jasper-Manage-release-1/jmanage-jasperUI/lib/activation.jar:/Users/jorgemorales/Repositories/Jasper-Manage-release-1/jmanage-jasperUI/bin:/Users/jorgemorales/Repositories/Jasper-Manage-release-1/jmanage-jasperUI/web/WEB-INF/classes:/Users/jorgemorales/Repositories/Jasper-Manage-release-1/jmanage-jasperUI/web/WEB-INF/lib/commons-collections.jar:/Users/jorgemorales/Repositories/Jasper-Manage-release-1/jmanage-jasperUI/web/WEB-INF/lib/commons-dbcp.jar:/Users/jorgemorales/Repositories/Jasper-Manage-release-1/jmanage-jasperUI/web/WEB-INF/lib/commons-digester.jar:/Users/jorgemorales/Repositories/Jasper-Manage-release-1/jmanage-jasperUI/web/WEB-INF/lib/commons-fileupload.jar:/Users/jorgemorales/Repositories/Jasper-Manage-release-1/jmanage-jasperUI/web/WEB-INF/lib/commons-lang.jar:/Users/jorgemorales/Repositories/Jasper-Manage-release-1/jmanage-jasperUI/web/WEB-INF/lib/commons-pool.jar:/Users/jorgemorales/Repositories/Jasper-Manage-release-1/jmanage-jasperUI/web/WEB-INF/lib/commons-resources.jar:/Users/jorgemorales/Repositories/Jasper-Manage-release-1/jmanage-jasperUI/web/WEB-INF/lib/commons-validator.jar:/Users/jorgemorales/Repositories/Jasper-Manage-release-1/jmanage-jasperUI/web/WEB-INF/lib/jakarta-oro.jar:/Users/jorgemorales/Repositories/Jasper-Manage-release-1/jmanage-jasperUI/web/WEB-INF/lib/jcommon-0.9.5.jar:/Users/jorgemorales/Repositories/Jasper-Manage-release-1/jmanage-jasperUI/web/WEB-INF/lib/jfreechart-0.9.20.jar:/Users/jorgemorales/Repositories/Jasper-Manage-release-1/jmanage-jasperUI/web/WEB-INF/lib/struts.jar:../lib/xml-apis.jar:../lib/xercesImpl.jar:../lib/standard.jar:../lib/org.mortbay.jetty.jar:../lib/mail.jar:../lib/jstl.jar:../lib/jmxremote_optional.jar:../lib/jmanage-utils.jar:../lib/jmanage-tools.jar:../lib/jmanage-testapp.jar:../lib/jmanage-startup.jar:../lib/jmanage-services.jar:../lib/jmanage-management.jar:../lib/jmanage-crypto.jar:../lib/jmanage-connector.jar:../lib/jmanage-config.jar:../lib/jmanage-cmdui.jar:../lib/jmanage-auth.jar:../lib/jmanage-alerts.jar:../lib/jdom.jar:../lib/javax77.jar:../lib/javax.servlet.jar:../lib/jasper-runtime.jar:../lib/jasper-compiler.jar:../lib/hsqldb-1.8.0.5.jar:../lib/commons-modeler.jar:../lib/commons-logging.jar:../lib/commons-beanutils.jar:../lib/ant.jar:../lib/activation.jar
     cp=/Users/jorgemorales/Repositories/Jasper-Manage-release-1/jmanage-jasperUI/web/WEB-INF/classes
     cp=/Users/jorgemorales/Repositories/Jasper-Manage-release-1/jmanage-jasperUI/web/WEB-INF/lib/commons-collections.jar
     cp=/Users/jorgemorales/Repositories/Jasper-Manage-release-1/jmanage-jasperUI/web/WEB-INF/lib/commons-dbcp.jar
     cp=/Users/jorgemorales/Repositories/Jasper-Manage-release-1/jmanage-jasperUI/web/WEB-INF/lib/commons-digester.jar
     cp=/Users/jorgemorales/Repositories/Jasper-Manage-release-1/jmanage-jasperUI/web/WEB-INF/lib/commons-fileupload.jar
     cp=/Users/jorgemorales/Repositories/Jasper-Manage-release-1/jmanage-jasperUI/web/WEB-INF/lib/commons-lang.jar
     cp=/Users/jorgemorales/Repositories/Jasper-Manage-release-1/jmanage-jasperUI/web/WEB-INF/lib/commons-pool.jar
     cp=/Users/jorgemorales/Repositories/Jasper-Manage-release-1/jmanage-jasperUI/web/WEB-INF/lib/commons-resources.jar
     cp=/Users/jorgemorales/Repositories/Jasper-Manage-release-1/jmanage-jasperUI/web/WEB-INF/lib/commons-validator.jar
     cp=/Users/jorgemorales/Repositories/Jasper-Manage-release-1/jmanage-jasperUI/web/WEB-INF/lib/jakarta-oro.jar
     cp=/Users/jorgemorales/Repositories/Jasper-Manage-release-1/jmanage-jasperUI/web/WEB-INF/lib/jcommon-0.9.5.jar
     cp=/Users/jorgemorales/Repositories/Jasper-Manage-release-1/jmanage-jasperUI/web/WEB-INF/lib/jfreechart-0.9.20.jar
     cp=/Users/jorgemorales/Repositories/Jasper-Manage-release-1/jmanage-jasperUI/web/WEB-INF/lib/struts.jar
     cp=/System/Library/Java/Extensions/AppleScriptEngine.jar
     cp=/System/Library/Java/Extensions/dns_sd.jar
     cp=/System/Library/Java/Extensions/j3daudio.jar
     cp=/System/Library/Java/Extensions/j3dcore.jar
     cp=/System/Library/Java/Extensions/j3dutils.jar
     cp=/System/Library/Java/Extensions/jai_codec.jar
     cp=/System/Library/Java/Extensions/jai_core.jar
     cp=/System/Library/Java/Extensions/libAppleScriptEngine.jnilib
     cp=/System/Library/Java/Extensions/libJ3D.jnilib
     cp=/System/Library/Java/Extensions/libJ3DAudio.jnilib
     cp=/System/Library/Java/Extensions/libJ3DUtils.jnilib
     cp=/System/Library/Java/Extensions/libmlib_jai.jnilib
     cp=/System/Library/Java/Extensions/libQTJNative.jnilib
     cp=/System/Library/Java/Extensions/mlibwrapper_jai.jar
     cp=/System/Library/Java/Extensions/MRJToolkit.jar
     cp=/System/Library/Java/Extensions/QTJava.zip
     cp=/System/Library/Java/Extensions/vecmath.jar
     cp=/System/Library/Java/JavaVirtualMachines/1.6.0.jdk/Contents/Home/lib/ext/apple_provider.jar
     cp=/System/Library/Java/JavaVirtualMachines/1.6.0.jdk/Contents/Home/lib/ext/dnsns.jar
     cp=/System/Library/Java/JavaVirtualMachines/1.6.0.jdk/Contents/Home/lib/ext/localedata.jar
     cp=/System/Library/Java/JavaVirtualMachines/1.6.0.jdk/Contents/Home/lib/ext/sunjce_provider.jar
     cp=/System/Library/Java/JavaVirtualMachines/1.6.0.jdk/Contents/Home/lib/ext/sunpkcs11.jar
     cp=/Users/jorgemorales/Repositories/Jasper-Manage-release-1/jmanage-jasperUI/lib/xml-apis.jar
     cp=/Users/jorgemorales/Repositories/Jasper-Manage-release-1/jmanage-jasperUI/lib/xercesImpl.jar
     cp=/Users/jorgemorales/Repositories/Jasper-Manage-release-1/jmanage-jasperUI/lib/standard.jar
     cp=/Users/jorgemorales/Repositories/Jasper-Manage-release-1/jmanage-jasperUI/lib/org.mortbay.jetty.jar
     cp=/Users/jorgemorales/Repositories/Jasper-Manage-release-1/jmanage-jasperUI/lib/mail.jar
     cp=/Users/jorgemorales/Repositories/Jasper-Manage-release-1/jmanage-jasperUI/lib/jstl.jar
     cp=/Users/jorgemorales/Repositories/Jasper-Manage-release-1/jmanage-jasperUI/lib/jmxremote_optional.jar
     cp=/Users/jorgemorales/Repositories/Jasper-Manage-release-1/jmanage-jasperUI/lib/jmanage-utils.jar
     cp=/Users/jorgemorales/Repositories/Jasper-Manage-release-1/jmanage-jasperUI/lib/jmanage-tools.jar
     cp=/Users/jorgemorales/Repositories/Jasper-Manage-release-1/jmanage-jasperUI/lib/jmanage-testapp.jar
     cp=/Users/jorgemorales/Repositories/Jasper-Manage-release-1/jmanage-jasperUI/lib/jmanage-startup.jar
     cp=/Users/jorgemorales/Repositories/Jasper-Manage-release-1/jmanage-jasperUI/lib/jmanage-services.jar
     cp=/Users/jorgemorales/Repositories/Jasper-Manage-release-1/jmanage-jasperUI/lib/jmanage-management.jar
     cp=/Users/jorgemorales/Repositories/Jasper-Manage-release-1/jmanage-jasperUI/lib/jmanage-crypto.jar
     cp=/Users/jorgemorales/Repositories/Jasper-Manage-release-1/jmanage-jasperUI/lib/jmanage-connector.jar
     cp=/Users/jorgemorales/Repositories/Jasper-Manage-release-1/jmanage-jasperUI/lib/jmanage-config.jar
     cp=/Users/jorgemorales/Repositories/Jasper-Manage-release-1/jmanage-jasperUI/lib/jmanage-cmdui.jar
     cp=/Users/jorgemorales/Repositories/Jasper-Manage-release-1/jmanage-jasperUI/lib/jmanage-auth.jar
     cp=/Users/jorgemorales/Repositories/Jasper-Manage-release-1/jmanage-jasperUI/lib/jmanage-alerts.jar
     cp=/Users/jorgemorales/Repositories/Jasper-Manage-release-1/jmanage-jasperUI/lib/jdom.jar
     cp=/Users/jorgemorales/Repositories/Jasper-Manage-release-1/jmanage-jasperUI/lib/javax77.jar
     cp=/Users/jorgemorales/Repositories/Jasper-Manage-release-1/jmanage-jasperUI/lib/javax.servlet.jar
     cp=/Users/jorgemorales/Repositories/Jasper-Manage-release-1/jmanage-jasperUI/lib/jasper-runtime.jar
     cp=/Users/jorgemorales/Repositories/Jasper-Manage-release-1/jmanage-jasperUI/lib/jasper-compiler.jar
     cp=/Users/jorgemorales/Repositories/Jasper-Manage-release-1/jmanage-jasperUI/lib/hsqldb-1.8.0.5.jar
     cp=/Users/jorgemorales/Repositories/Jasper-Manage-release-1/jmanage-jasperUI/lib/commons-modeler.jar
     cp=/Users/jorgemorales/Repositories/Jasper-Manage-release-1/jmanage-jasperUI/lib/commons-logging.jar
     cp=/Users/jorgemorales/Repositories/Jasper-Manage-release-1/jmanage-jasperUI/lib/commons-beanutils.jar
     cp=/Users/jorgemorales/Repositories/Jasper-Manage-release-1/jmanage-jasperUI/lib/ant.jar
     cp=/Users/jorgemorales/Repositories/Jasper-Manage-release-1/jmanage-jasperUI/lib/activation.jar
     cp=/Users/jorgemorales/Repositories/Jasper-Manage-release-1/jmanage-jasperUI/bin
     cp=/Users/jorgemorales/Repositories/Jasper-Manage-release-1/jmanage-jasperUI/web/WEB-INF/classes
     cp=/Users/jorgemorales/Repositories/Jasper-Manage-release-1/jmanage-jasperUI/web/WEB-INF/lib/commons-collections.jar
     cp=/Users/jorgemorales/Repositories/Jasper-Manage-release-1/jmanage-jasperUI/web/WEB-INF/lib/commons-dbcp.jar
     cp=/Users/jorgemorales/Repositories/Jasper-Manage-release-1/jmanage-jasperUI/web/WEB-INF/lib/commons-digester.jar
     cp=/Users/jorgemorales/Repositories/Jasper-Manage-release-1/jmanage-jasperUI/web/WEB-INF/lib/commons-fileupload.jar
     cp=/Users/jorgemorales/Repositories/Jasper-Manage-release-1/jmanage-jasperUI/web/WEB-INF/lib/commons-lang.jar
     cp=/Users/jorgemorales/Repositories/Jasper-Manage-release-1/jmanage-jasperUI/web/WEB-INF/lib/commons-pool.jar
     cp=/Users/jorgemorales/Repositories/Jasper-Manage-release-1/jmanage-jasperUI/web/WEB-INF/lib/commons-resources.jar
     cp=/Users/jorgemorales/Repositories/Jasper-Manage-release-1/jmanage-jasperUI/web/WEB-INF/lib/commons-validator.jar
     cp=/Users/jorgemorales/Repositories/Jasper-Manage-release-1/jmanage-jasperUI/web/WEB-INF/lib/jakarta-oro.jar
     cp=/Users/jorgemorales/Repositories/Jasper-Manage-release-1/jmanage-jasperUI/web/WEB-INF/lib/jcommon-0.9.5.jar
     cp=/Users/jorgemorales/Repositories/Jasper-Manage-release-1/jmanage-jasperUI/web/WEB-INF/lib/jfreechart-0.9.20.jar
     cp=/Users/jorgemorales/Repositories/Jasper-Manage-release-1/jmanage-jasperUI/web/WEB-INF/lib/struts.jar
     cp=../lib/xml-apis.jar
     cp=../lib/xercesImpl.jar
     cp=../lib/standard.jar
     cp=../lib/org.mortbay.jetty.jar
     cp=../lib/mail.jar
     cp=../lib/jstl.jar
     cp=../lib/jmxremote_optional.jar
     cp=../lib/jmanage-utils.jar
     cp=../lib/jmanage-tools.jar
     cp=../lib/jmanage-testapp.jar
     cp=../lib/jmanage-startup.jar
     cp=../lib/jmanage-services.jar
     cp=../lib/jmanage-management.jar
     cp=../lib/jmanage-crypto.jar
     cp=../lib/jmanage-connector.jar
     cp=../lib/jmanage-config.jar
     cp=../lib/jmanage-cmdui.jar
     cp=../lib/jmanage-auth.jar
     cp=../lib/jmanage-alerts.jar
     cp=../lib/jdom.jar
     cp=../lib/javax77.jar
     cp=../lib/javax.servlet.jar
     cp=../lib/jasper-runtime.jar
     cp=../lib/jasper-compiler.jar
     cp=../lib/hsqldb-1.8.0.5.jar
     cp=../lib/commons-modeler.jar
     cp=../lib/commons-logging.jar
     cp=../lib/commons-beanutils.jar
     cp=../lib/ant.jar
     cp=../lib/activation.jar
     work dir=/var/folders/qp/g57371f55b97hwb89_txcwnm0000gn/T/Jetty__9090__
    srcDir=/var/folders/qp/g57371f55b97hwb89_txcwnm0000gn/T/Jetty__9090__
    include=common/header_jsp.java
Exception compiling Compile failed; see the compiler error output for details.

Sep 19, 2012 9:56:44 AM org.mortbay.jetty.servlet.ServletHandler$Context log
WARNING: Exception: 
Compile failed; see the compiler error output for details.
	at org.apache.tools.ant.taskdefs.Javac.compile(Javac.java:842)
	at org.apache.tools.ant.taskdefs.Javac.execute(Javac.java:682)
	at org.apache.jasper.compiler.Compiler.generateClass(Compiler.java:317)
	at org.apache.jasper.compiler.Compiler.compile(Compiler.java:370)
	at org.apache.jasper.JspCompilationContext.compile(JspCompilationContext.java:473)
	at org.apache.jasper.servlet.JspServletWrapper.service(JspServletWrapper.java:190)
	at org.apache.jasper.servlet.JspServlet.serviceJspFile(JspServlet.java:295)
	at org.apache.jasper.servlet.JspServlet.service(JspServlet.java:241)
	at javax.servlet.http.HttpServlet.service(HttpServlet.java:853)
	at org.mortbay.jetty.servlet.ServletHolder.handle(ServletHolder.java:358)
	at org.mortbay.jetty.servlet.WebApplicationHandler.dispatch(WebApplicationHandler.java:294)
	at org.mortbay.jetty.servlet.Dispatcher.dispatch(Dispatcher.java:222)
	at org.mortbay.jetty.servlet.Dispatcher.include(Dispatcher.java:127)
	at org.apache.struts.tiles.TilesUtilImpl.doInclude(TilesUtilImpl.java:118)
	at org.apache.struts.tiles.TilesUtil.doInclude(TilesUtil.java:161)
	at org.apache.struts.taglib.tiles.InsertTag.doInclude(InsertTag.java:702)
	at org.apache.struts.taglib.tiles.InsertTag$InsertHandler.doEndTag(InsertTag.java:817)
	at org.apache.struts.taglib.tiles.InsertTag.doEndTag(InsertTag.java:466)
	at org.apache.jsp.common_jsp._jspx_meth_tiles_insert_0(common_jsp.java:141)
	at org.apache.jsp.common_jsp._jspService(common_jsp.java:88)
	at org.apache.jasper.runtime.HttpJspBase.service(HttpJspBase.java:137)
	at javax.servlet.http.HttpServlet.service(HttpServlet.java:853)
	at org.apache.jasper.servlet.JspServletWrapper.service(JspServletWrapper.java:210)
	at org.apache.jasper.servlet.JspServlet.serviceJspFile(JspServlet.java:295)
	at org.apache.jasper.servlet.JspServlet.service(JspServlet.java:241)
	at javax.servlet.http.HttpServlet.service(HttpServlet.java:853)
	at org.mortbay.jetty.servlet.ServletHolder.handle(ServletHolder.java:358)
	at org.mortbay.jetty.servlet.WebApplicationHandler.dispatch(WebApplicationHandler.java:294)
	at org.mortbay.jetty.servlet.Dispatcher.dispatch(Dispatcher.java:222)
	at org.mortbay.jetty.servlet.Dispatcher.forward(Dispatcher.java:135)
	at org.apache.struts.action.RequestProcessor.doForward(RequestProcessor.java:1058)
	at org.apache.struts.tiles.TilesRequestProcessor.doForward(TilesRequestProcessor.java:269)
	at org.apache.struts.tiles.TilesRequestProcessor.processTilesDefinition(TilesRequestProcessor.java:249)
	at org.apache.struts.tiles.TilesRequestProcessor.processForwardConfig(TilesRequestProcessor.java:303)
	at org.apache.struts.action.RequestProcessor.processActionForward(RequestProcessor.java:401)
	at org.apache.struts.action.RequestProcessor.process(RequestProcessor.java:279)
	at org.apache.struts.action.ActionServlet.process(ActionServlet.java:1420)
	at org.apache.struts.action.ActionServlet.doGet(ActionServlet.java:502)
	at javax.servlet.http.HttpServlet.service(HttpServlet.java:740)
	at javax.servlet.http.HttpServlet.service(HttpServlet.java:853)
	at org.mortbay.jetty.servlet.ServletHolder.handle(ServletHolder.java:358)
	at org.mortbay.jetty.servlet.WebApplicationHandler.dispatch(WebApplicationHandler.java:294)
	at org.mortbay.jetty.servlet.Dispatcher.dispatch(Dispatcher.java:222)
	at org.mortbay.jetty.servlet.Dispatcher.forward(Dispatcher.java:135)
	at org.apache.struts.action.RequestProcessor.doForward(RequestProcessor.java:1058)
	at org.apache.struts.tiles.TilesRequestProcessor.doForward(TilesRequestProcessor.java:269)
	at org.apache.struts.action.RequestProcessor.processForwardConfig(RequestProcessor.java:451)
	at org.apache.struts.tiles.TilesRequestProcessor.processForwardConfig(TilesRequestProcessor.java:312)
	at org.apache.struts.action.RequestProcessor.processActionForward(RequestProcessor.java:401)
	at org.apache.struts.action.RequestProcessor.process(RequestProcessor.java:279)
	at org.apache.struts.action.ActionServlet.process(ActionServlet.java:1420)
	at org.apache.struts.action.ActionServlet.doGet(ActionServlet.java:502)
	at javax.servlet.http.HttpServlet.service(HttpServlet.java:740)
	at javax.servlet.http.HttpServlet.service(HttpServlet.java:853)
	at org.mortbay.jetty.servlet.ServletHolder.handle(ServletHolder.java:358)
	at org.mortbay.jetty.servlet.WebApplicationHandler.dispatch(WebApplicationHandler.java:294)
	at org.mortbay.jetty.servlet.ServletHandler.handle(ServletHandler.java:567)
	at org.mortbay.http.HttpContext.handle(HttpContext.java:1807)
	at org.mortbay.jetty.servlet.WebApplicationContext.handle(WebApplicationContext.java:525)
	at org.mortbay.http.HttpContext.handle(HttpContext.java:1757)
	at org.mortbay.http.HttpServer.service(HttpServer.java:879)
	at org.mortbay.http.HttpConnection.service(HttpConnection.java:790)
	at org.mortbay.http.HttpConnection.handleNext(HttpConnection.java:961)
	at org.mortbay.http.HttpConnection.handle(HttpConnection.java:807)
	at org.mortbay.http.SocketListener.handleConnection(SocketListener.java:197)
	at org.mortbay.util.ThreadedServer.handle(ThreadedServer.java:276)
	at org.mortbay.util.ThreadPool$PoolThread.run(ThreadPool.java:511)

Sep 19, 2012 9:56:44 AM org.apache.jasper.logging.DefaultLogger realLog
INFO: Exception: : Compile failed; see the compiler error output for details.
Sep 19, 2012 10:15:03 AM org.apache.struts.util.PropertyMessageResources <init>
INFO: Initializing, config='org.apache.struts.taglib.html.LocalStrings', returnNull=true
Sep 19, 2012 10:15:04 AM org.jmanage.webui.dashboard.framework.DashboardLoader loadDashboards
INFO: Loading dashboards
Sep 19, 2012 10:15:04 AM org.jmanage.webui.dashboard.framework.DashboardLoader initialize
INFO: Initializing dashboards
Sep 19, 2012 10:36:10 AM org.jmanage.core.management.ServerConnectionProxy getAttribute
WARNING: Error retriving attribute=Name, objectName=java.lang:type=GarbageCollector,name=Copy, error=javax.management.InstanceNotFoundException: java.lang:type=GarbageCollector,name=Copy
Sep 19, 2012 10:36:10 AM org.jmanage.core.management.ServerConnectionProxy getAttribute
WARNING: Error retriving attribute=Name, objectName=java.lang:type=GarbageCollector,name=MarkSweepCompact, error=javax.management.InstanceNotFoundException: java.lang:type=GarbageCollector,name=MarkSweepCompact
Sep 19, 2012 10:37:46 AM org.apache.struts.util.PropertyMessageResources <init>
INFO: Initializing, config='org.apache.struts.taglib.html.LocalStrings', returnNull=true
Sep 19, 2012 10:37:59 AM org.apache.struts.util.PropertyMessageResources <init>
INFO: Initializing, config='org.apache.struts.taglib.html.LocalStrings', returnNull=true
Sep 19, 2012 10:37:59 AM org.apache.struts.util.PropertyMessageResources <init>
INFO: Initializing, config='org.apache.struts.taglib.html.LocalStrings', returnNull=true
Sep 19, 2012 10:38:23 AM org.jmanage.core.alert.source.MBeanAlertSource$EstablishConnection run
INFO: Established connection to application: jManage
Sep 19, 2012 10:38:23 AM org.jmanage.core.alert.source.MBeanAlertSource connectionOpen
INFO: Registered for alert: memory exceeded, application: jManage
Sep 19, 2012 10:38:39 AM org.apache.struts.util.PropertyMessageResources <init>
INFO: Initializing, config='org.apache.struts.taglib.html.LocalStrings', returnNull=true
Sep 19, 2012 12:22:12 PM org.apache.struts.util.PropertyMessageResources <init>
INFO: Initializing, config='org.apache.struts.taglib.html.LocalStrings', returnNull=true
Sep 19, 2012 1:10:03 PM org.jmanage.core.management.ServerConnectionProxy getAttribute
WARNING: Error retriving attribute=Name, objectName=java.lang:type=GarbageCollector,name=Copy, error=javax.management.InstanceNotFoundException: java.lang:type=GarbageCollector,name=Copy
Sep 19, 2012 1:10:03 PM org.jmanage.core.management.ServerConnectionProxy getAttribute
WARNING: Error retriving attribute=Name, objectName=java.lang:type=GarbageCollector,name=MarkSweepCompact, error=javax.management.InstanceNotFoundException: java.lang:type=GarbageCollector,name=MarkSweepCompact
Sep 19, 2012 1:13:29 PM org.jmanage.core.management.ServerConnectionProxy getAttribute
WARNING: Error retriving attribute=Name, objectName=java.lang:type=GarbageCollector,name=Copy, error=javax.management.InstanceNotFoundException: java.lang:type=GarbageCollector,name=Copy
Sep 19, 2012 1:13:29 PM org.jmanage.core.management.ServerConnectionProxy getAttribute
WARNING: Error retriving attribute=Name, objectName=java.lang:type=GarbageCollector,name=MarkSweepCompact, error=javax.management.InstanceNotFoundException: java.lang:type=GarbageCollector,name=MarkSweepCompact
Sep 19, 2012 1:14:03 PM org.jmanage.core.management.ServerConnectionProxy getAttribute
WARNING: Error retriving attribute=Name, objectName=java.lang:type=GarbageCollector,name=Copy, error=javax.management.InstanceNotFoundException: java.lang:type=GarbageCollector,name=Copy
Sep 19, 2012 1:14:03 PM org.jmanage.core.management.ServerConnectionProxy getAttribute
WARNING: Error retriving attribute=Name, objectName=java.lang:type=GarbageCollector,name=MarkSweepCompact, error=javax.management.InstanceNotFoundException: java.lang:type=GarbageCollector,name=MarkSweepCompact
Sep 19, 2012 1:15:09 PM org.jmanage.core.management.ServerConnectionProxy getAttribute
WARNING: Error retriving attribute=Name, objectName=java.lang:type=GarbageCollector,name=Copy, error=javax.management.InstanceNotFoundException: java.lang:type=GarbageCollector,name=Copy
Sep 19, 2012 1:15:09 PM org.jmanage.core.management.ServerConnectionProxy getAttribute
WARNING: Error retriving attribute=Name, objectName=java.lang:type=GarbageCollector,name=MarkSweepCompact, error=javax.management.InstanceNotFoundException: java.lang:type=GarbageCollector,name=MarkSweepCompact
Sep 19, 2012 1:15:46 PM org.jmanage.core.management.ServerConnectionProxy getAttribute
WARNING: Error retriving attribute=Name, objectName=java.lang:type=GarbageCollector,name=Copy, error=javax.management.InstanceNotFoundException: java.lang:type=GarbageCollector,name=Copy
Sep 19, 2012 1:15:46 PM org.jmanage.core.management.ServerConnectionProxy getAttribute
WARNING: Error retriving attribute=Name, objectName=java.lang:type=GarbageCollector,name=MarkSweepCompact, error=javax.management.InstanceNotFoundException: java.lang:type=GarbageCollector,name=MarkSweepCompact
Sep 19, 2012 1:16:12 PM org.jmanage.core.management.ServerConnectionProxy getAttribute
WARNING: Error retriving attribute=Name, objectName=java.lang:type=GarbageCollector,name=Copy, error=javax.management.InstanceNotFoundException: java.lang:type=GarbageCollector,name=Copy
Sep 19, 2012 1:16:12 PM org.jmanage.core.management.ServerConnectionProxy getAttribute
WARNING: Error retriving attribute=Name, objectName=java.lang:type=GarbageCollector,name=MarkSweepCompact, error=javax.management.InstanceNotFoundException: java.lang:type=GarbageCollector,name=MarkSweepCompact
Sep 19, 2012 1:16:29 PM org.jmanage.core.management.ServerConnectionProxy getAttribute
WARNING: Error retriving attribute=Name, objectName=java.lang:type=GarbageCollector,name=Copy, error=javax.management.InstanceNotFoundException: java.lang:type=GarbageCollector,name=Copy
Sep 19, 2012 1:16:29 PM org.jmanage.core.management.ServerConnectionProxy getAttribute
WARNING: Error retriving attribute=Name, objectName=java.lang:type=GarbageCollector,name=MarkSweepCompact, error=javax.management.InstanceNotFoundException: java.lang:type=GarbageCollector,name=MarkSweepCompact
Sep 19, 2012 1:16:47 PM org.jmanage.core.management.ServerConnectionProxy getAttribute
WARNING: Error retriving attribute=Name, objectName=java.lang:type=GarbageCollector,name=Copy, error=javax.management.InstanceNotFoundException: java.lang:type=GarbageCollector,name=Copy
Sep 19, 2012 1:16:47 PM org.jmanage.core.management.ServerConnectionProxy getAttribute
WARNING: Error retriving attribute=Name, objectName=java.lang:type=GarbageCollector,name=MarkSweepCompact, error=javax.management.InstanceNotFoundException: java.lang:type=GarbageCollector,name=MarkSweepCompact
Sep 19, 2012 1:20:11 PM org.jmanage.core.alert.source.MBeanAlertSource unregister
INFO: Un-registered for alert: memory exceeded, application: jManage
Sep 19, 2012 1:26:10 PM org.jmanage.webui.Startup$1 run
INFO: jManage shutting down...
Sep 19, 2012 9:41:31 PM org.jmanage.core.util.CoreUtils <clinit>
INFO: jManage.root=..
Sep 19, 2012 9:41:34 PM org.jmanage.util.db.DBUtils <clinit>
INFO: DataBase URL: jdbc:hsqldb:file:../data/db
Sep 19, 2012 9:41:35 PM org.jmanage.core.crypto.Crypto init
INFO: Crypto initialized
Sep 19, 2012 9:41:35 PM org.jmanage.core.auth.ACLStore <init>
INFO: Loaded ACLs
Sep 19, 2012 9:41:35 PM org.jmanage.core.config.ApplicationTypes init
INFO: ApplicationRegistry initialized from ../config/system/application-type-config.xml
Sep 19, 2012 9:41:35 PM org.jmanage.core.alert.AlertEngine start
INFO: AlertEngine started.
Sep 19, 2012 9:41:35 PM org.jmanage.monitoring.downtime.ApplicationHeartBeatThread run
INFO: Thread started: ApplicationHeartBeatThread:jManage
Sep 19, 2012 9:41:35 PM org.jmanage.monitoring.downtime.ApplicationDowntimeService start
INFO: ApplicationDowntimeService started.
Sep 19, 2012 9:41:35 PM org.mortbay.http.HttpServer start
INFO: Starting Jetty/4.2.20
Sep 19, 2012 9:41:35 PM org.mortbay.http.HttpContext start
INFO: Started WebApplicationContext[/,../web]
Sep 19, 2012 9:41:35 PM org.mortbay.http.HttpContext getTempDirectory
WARNING: Delete existing temp dir /var/folders/qp/g57371f55b97hwb89_txcwnm0000gn/T/Jetty__9090__ for WebApplicationContext[/,../web]
Sep 19, 2012 9:41:35 PM org.apache.struts.util.PropertyMessageResources <init>
INFO: Initializing, config='org.apache.struts.util.LocalStrings', returnNull=true
Sep 19, 2012 9:41:35 PM org.apache.struts.util.PropertyMessageResources <init>
INFO: Initializing, config='org.apache.struts.action.ActionResources', returnNull=true
Sep 19, 2012 9:41:36 PM org.apache.struts.util.PropertyMessageResources <init>
INFO: Initializing, config='resources.application', returnNull=true
Sep 19, 2012 9:41:36 PM org.apache.struts.validator.ValidatorPlugIn initResources
INFO: Loading validation rules file from '/WEB-INF/validator-rules.xml'
Sep 19, 2012 9:41:36 PM org.apache.struts.validator.ValidatorPlugIn initResources
INFO: Loading validation rules file from '/WEB-INF/validation.xml'
Sep 19, 2012 9:41:36 PM org.apache.struts.tiles.TilesPlugin init
INFO: Tiles definition factory loaded for module ''.
Sep 19, 2012 9:41:36 PM org.mortbay.http.SocketListener start
INFO: Started SocketListener on 0.0.0.0:9090
Sep 19, 2012 9:41:36 PM org.mortbay.http.HttpServer start
INFO: Started org.mortbay.jetty.Server@f8622f3
Sep 19, 2012 9:43:27 PM org.apache.struts.tiles.TilesRequestProcessor initDefinitionsMapping
INFO: Tiles definition factory found for request processor ''.
Sep 19, 2012 9:43:27 PM org.apache.struts.util.PropertyMessageResources <init>
INFO: Initializing, config='org.apache.struts.actions.LocalStrings', returnNull=true
Sep 19, 2012 9:43:33 PM org.apache.struts.util.PropertyMessageResources <init>
INFO: Initializing, config='org.apache.struts.taglib.html.LocalStrings', returnNull=true
Sep 19, 2012 9:43:33 PM org.apache.struts.util.PropertyMessageResources <init>
INFO: Initializing, config='org.apache.struts.util.LocalStrings', returnNull=true
Sep 19, 2012 9:43:33 PM org.apache.struts.util.PropertyMessageResources <init>
INFO: Initializing, config='org.apache.struts.taglib.html.LocalStrings', returnNull=true
Sep 19, 2012 9:43:33 PM org.apache.struts.util.PropertyMessageResources <init>
INFO: Initializing, config='org.apache.struts.taglib.html.LocalStrings', returnNull=true
Sep 19, 2012 9:43:33 PM org.apache.struts.util.PropertyMessageResources <init>
INFO: Initializing, config='org.apache.struts.taglib.html.LocalStrings', returnNull=true
Sep 19, 2012 9:43:33 PM org.apache.struts.util.PropertyMessageResources <init>
INFO: Initializing, config='org.apache.struts.taglib.html.LocalStrings', returnNull=true
Sep 19, 2012 9:53:31 PM org.apache.struts.util.PropertyMessageResources <init>
INFO: Initializing, config='org.apache.struts.taglib.html.LocalStrings', returnNull=true
Sep 19, 2012 9:53:31 PM org.jmanage.webui.dashboard.framework.DashboardLoader loadDashboards
INFO: Loading dashboards
Sep 19, 2012 9:53:31 PM org.jmanage.webui.dashboard.framework.DashboardLoader initialize
INFO: Initializing dashboards
Sep 19, 2012 9:54:12 PM org.jmanage.core.management.ServerConnectionProxy getAttribute
WARNING: Error retriving attribute=Name, objectName=java.lang:type=GarbageCollector,name=Copy, error=javax.management.InstanceNotFoundException: java.lang:type=GarbageCollector,name=Copy
Sep 19, 2012 9:54:12 PM org.jmanage.core.management.ServerConnectionProxy getAttribute
WARNING: Error retriving attribute=Name, objectName=java.lang:type=GarbageCollector,name=MarkSweepCompact, error=javax.management.InstanceNotFoundException: java.lang:type=GarbageCollector,name=MarkSweepCompact
Sep 19, 2012 9:55:36 PM org.jmanage.core.management.ServerConnectionProxy getAttribute
WARNING: Error retriving attribute=Name, objectName=java.lang:type=GarbageCollector,name=Copy, error=javax.management.InstanceNotFoundException: java.lang:type=GarbageCollector,name=Copy
Sep 19, 2012 9:55:36 PM org.jmanage.core.management.ServerConnectionProxy getAttribute
WARNING: Error retriving attribute=Name, objectName=java.lang:type=GarbageCollector,name=MarkSweepCompact, error=javax.management.InstanceNotFoundException: java.lang:type=GarbageCollector,name=MarkSweepCompact
Sep 19, 2012 9:55:56 PM org.jmanage.core.management.ServerConnectionProxy getAttribute
WARNING: Error retriving attribute=Name, objectName=java.lang:type=GarbageCollector,name=Copy, error=javax.management.InstanceNotFoundException: java.lang:type=GarbageCollector,name=Copy
Sep 19, 2012 9:55:56 PM org.jmanage.core.management.ServerConnectionProxy getAttribute
WARNING: Error retriving attribute=Name, objectName=java.lang:type=GarbageCollector,name=MarkSweepCompact, error=javax.management.InstanceNotFoundException: java.lang:type=GarbageCollector,name=MarkSweepCompact
Sep 19, 2012 9:57:31 PM org.jmanage.webui.Startup$1 run
INFO: jManage shutting down...
Sep 19, 2012 9:57:31 PM org.jmanage.util.db.DBUtils shutdownDB
INFO: Shutting down HSQLDB
