ADMIN logged in successfully on Tue Sep 18 15:44:48 EDT 2012
ADMIN logged out successfully on Tue Sep 18 15:46:06 EDT 2012
ADMIN logged in successfully on Tue Sep 18 15:51:28 EDT 2012
ADMIN logged in successfully on Wed Sep 19 10:14:36 EDT 2012
ADMIN Added java.lang:type=Memory to application jManage
 on Wed Sep 19 10:37:34 EDT 2012
ADMIN logged in successfully on Wed Sep 19 11:50:20 EDT 2012
ADMIN logged in successfully on Wed Sep 19 21:53:26 EDT 2012
ADMIN logged in successfully on Wed Sep 19 23:44:49 EDT 2012
ADMIN Added application "Mule Local" on Wed Sep 19 23:45:52 EDT 2012
ADMIN Added application "Mule remote" on Wed Sep 19 23:47:39 EDT 2012
ADMIN Deleted application "Mule remote" on Wed Sep 19 23:48:34 EDT 2012
ADMIN Updated application "Mule remote" on Wed Sep 19 23:49:22 EDT 2012
ADMIN Updated application "Mule remote" on Wed Sep 19 23:49:41 EDT 2012
ADMIN Added application "Mule-173.195.48.126" on Wed Sep 19 23:50:17 EDT 2012
ADMIN Updated application "Mule remote" on Wed Sep 19 23:50:31 EDT 2012
ADMIN logged in successfully on Thu Sep 20 15:01:03 EDT 2012
ADMIN logged in successfully on Thu Sep 20 15:01:52 EDT 2012
ADMIN logged in successfully on Thu Sep 20 15:31:45 EDT 2012
ADMIN logged in successfully on Thu Sep 20 15:42:56 EDT 2012
ADMIN Updated the attributes of application:jApp, object name:Mule.webView-to-rest-interface-0.1:name=Configuration [FullStackTraces=true] [StackTraceFilter=org.mule.processor.AbstractInterceptingMessageProcessor,org.mule.processor.chain] on Thu Sep 20 15:55:34 EDT 2012
ADMIN Updated the attributes of application:jApp, object name:Mule.webView-to-rest-interface-0.1:name=Configuration [FullStackTraces=true] [StackTraceFilter=org.mule.processor.AbstractInterceptingMessageProcessor,org.mule.processor.chain] on Thu Sep 20 15:55:46 EDT 2012
ADMIN Added Mule.webView-to-rest-interface-0.1:name=Configuration to application jApp on Thu Sep 20 15:56:08 EDT 2012
ADMIN Removed mbean Mule.webView-to-rest-interface-0.1:name=Configuration from application jApp on Thu Sep 20 15:56:11 EDT 2012
ADMIN Added Mule.webView-to-rest-interface-0.1:name=Configuration to application jApp on Thu Sep 20 15:56:16 EDT 2012
ADMIN Updated the attributes of application:jApp, object name:Mule.webView-to-rest-interface-0.1:name=Configuration [FullStackTraces=true] [StackTraceFilter=org.mule.processor.AbstractInterceptingMessageProcessor,org.mule.processor.chain] on Thu Sep 20 15:56:20 EDT 2012
ADMIN Updated the attributes of application:jApp, object name:Mule.webView-to-rest-interface-0.1:name=Configuration [FullStackTraces=true] [StackTraceFilter=org.mule.processor.AbstractInterceptingMessageProcessor,org.mule.processor.chain] on Thu Sep 20 15:56:29 EDT 2012
ADMIN logged in successfully on Thu Sep 20 16:01:01 EDT 2012
ADMIN logged in successfully on Fri Sep 21 10:49:19 EDT 2012
ADMIN logged in successfully on Fri Sep 21 10:52:46 EDT 2012
ADMIN Performed printHtmlSummary on Mule.default:name=AllStatistics,type=Statistics in application jApp on Fri Sep 21 11:00:20 EDT 2012
ADMIN Performed printCSVSummary on Mule.default:name=AllStatistics,type=Statistics in application jApp on Fri Sep 21 11:00:29 EDT 2012
ADMIN Performed printHtmlSummary on Mule.default:name=AllStatistics,type=Statistics in application jApp on Fri Sep 21 11:00:40 EDT 2012
ADMIN logged in successfully on Fri Sep 21 12:34:08 EDT 2012
ADMIN logged in successfully on Fri Sep 21 13:01:55 EDT 2012
